-------------------------------------------------------------------------------
Test set: carroTest
-------------------------------------------------------------------------------
Tests run: 1, Failures: 1, Errors: 0, Skipped: 0, Time elapsed: 0.091 s <<< FAILURE! - in carroTest
carroLivreTest  Time elapsed: 0.06 s  <<< FAILURE!
org.opentest4j.AssertionFailedError: expected: <true> but was: <false>
	at carroTest.carroLivreTest(carroTest.java:32)

